TN:
SF:src/main.tsx
FNF:0
FNH:0
DA:22,1
LF:1
LH:1
BRF:0
BRH:0
end_of_record
TN:
SF:src/_codux/boards/home/home.board.tsx
FNF:0
FNH:0
LF:0
LH:0
BRF:0
BRH:0
end_of_record
TN:
SF:src/code/App.jsx
FN:30,(anonymous_1)
FN:32,ErrorFallback
FN:58,renderRoutes
FN:59,(anonymous_4)
FN:88,(anonymous_5)
FN:92,(anonymous_6)
FN:88,(anonymous_7)
FN:101,App
FN:107,(anonymous_9)
FN:101,(anonymous_10)
FN:148,(anonymous_11)
FN:153,ToggleColorMode
FN:156,(anonymous_13)
FN:157,(anonymous_14)
FN:158,(anonymous_15)
FN:165,(anonymous_16)
FNF:16
FNH:9
FNDA:0,(anonymous_1)
FNDA:0,ErrorFallback
FNDA:2,renderRoutes
FNDA:4,(anonymous_4)
FNDA:0,(anonymous_5)
FNDA:0,(anonymous_6)
FNDA:0,(anonymous_7)
FNDA:2,App
FNDA:1,(anonymous_9)
FNDA:1,(anonymous_10)
FNDA:2,(anonymous_11)
FNDA:2,ToggleColorMode
FNDA:2,(anonymous_13)
FNDA:0,(anonymous_14)
FNDA:0,(anonymous_15)
FNDA:2,(anonymous_16)
DA:30,1
DA:33,0
DA:34,0
DA:42,0
DA:43,1
DA:45,1
DA:59,2
DA:60,4
DA:88,1
DA:89,1
DA:90,0
DA:92,0
DA:93,0
DA:94,0
DA:98,0
DA:99,1
DA:101,2
DA:102,2
DA:103,2
DA:105,2
DA:107,2
DA:108,1
DA:109,0
DA:113,2
DA:147,1
DA:148,1
DA:149,2
DA:150,2
DA:151,1
DA:153,5
DA:154,2
DA:155,2
DA:156,2
DA:158,0
DA:164,2
DA:166,2
DA:174,2
DA:186,1
LF:38
LH:28
BRDA:33,0,0,0
BRDA:90,1,0,0
BRDA:90,1,1,0
BRDA:93,2,0,0
BRDA:98,3,0,0
BRDA:98,3,1,0
BRDA:108,4,0,0
BRDA:158,5,0,0
BRDA:158,5,1,0
BRF:9
BRH:0
end_of_record
TN:
SF:src/code/Auth.js
FN:20,(anonymous_0)
FN:23,(anonymous_1)
FN:26,(anonymous_2)
FN:30,(anonymous_3)
FN:33,(anonymous_4)
FN:38,(anonymous_5)
FN:42,(anonymous_6)
FNF:7
FNH:0
FNDA:0,(anonymous_0)
FNDA:0,(anonymous_1)
FNDA:0,(anonymous_2)
FNDA:0,(anonymous_3)
FNDA:0,(anonymous_4)
FNDA:0,(anonymous_5)
FNDA:0,(anonymous_6)
DA:21,0
DA:24,0
DA:27,0
DA:28,0
DA:31,0
DA:37,0
DA:38,0
DA:40,0
DA:43,0
DA:44,0
DA:45,0
LF:11
LH:0
BRDA:21,0,0,0
BRDA:21,0,1,0
BRDA:24,1,0,0
BRDA:24,1,1,0
BRDA:37,2,0,0
BRDA:45,3,0,0
BRDA:45,3,1,0
BRF:7
BRH:0
end_of_record
TN:
SF:src/code/Login.jsx
FN:30,(anonymous_1)
FN:37,(anonymous_2)
FN:45,(anonymous_3)
FN:57,(anonymous_4)
FN:30,(anonymous_5)
FNF:5
FNH:0
FNDA:0,(anonymous_1)
FNDA:0,(anonymous_2)
FNDA:0,(anonymous_3)
FNDA:0,(anonymous_4)
FNDA:0,(anonymous_5)
DA:24,1
DA:30,1
DA:31,0
DA:33,0
DA:34,0
DA:35,1
DA:37,0
DA:38,0
DA:40,0
DA:41,0
DA:44,0
DA:46,0
DA:47,0
DA:48,0
DA:52,0
DA:53,0
DA:55,0
DA:58,0
DA:62,0
DA:63,0
DA:69,0
DA:74,1
DA:76,1
LF:23
LH:5
BRDA:40,0,0,0
BRDA:52,1,0,0
BRDA:62,2,0,0
BRDA:63,3,0,0
BRDA:63,3,1,0
BRF:5
BRH:0
end_of_record
TN:
SF:src/code/Main.jsx
FN:1,(anonymous_0)
FN:23,Main
FNF:2
FNH:2
FNDA:1,(anonymous_0)
FNDA:2,Main
DA:1,7
DA:21,1
DA:23,1
DA:24,2
DA:34,1
LF:5
LH:5
BRDA:1,0,0,1
BRF:1
BRH:1
end_of_record
TN:
SF:src/code/apis.js
FN:13,fileUpload
FN:25,fileConversion
FN:38,fileDownload
FN:63,fileDownloadExample
FN:88,getJson
FN:101,getJobData
FNF:6
FNH:0
FNDA:0,fileUpload
FNDA:0,fileConversion
FNDA:0,fileDownload
FNDA:0,fileDownloadExample
FNDA:0,getJson
FNDA:0,getJobData
DA:14,0
DA:26,0
DA:39,0
DA:40,0
DA:49,0
DA:50,0
DA:51,0
DA:52,0
DA:53,0
DA:54,0
DA:55,0
DA:56,0
DA:57,0
DA:59,0
DA:64,0
DA:65,0
DA:74,0
DA:75,0
DA:76,0
DA:77,0
DA:78,0
DA:79,0
DA:80,0
DA:81,0
DA:82,0
DA:84,0
DA:89,0
DA:102,0
LF:28
LH:0
BRF:0
BRH:0
end_of_record
TN:
SF:src/code/header/Header.jsx
FN:50,renderChangeThemeToggle
FN:58,Header
FN:64,(anonymous_3)
FN:68,(anonymous_4)
FN:72,(anonymous_5)
FN:80,(anonymous_6)
FN:91,(anonymous_7)
FN:102,(anonymous_8)
FN:146,(anonymous_9)
FN:174,(anonymous_10)
FNF:10
FNH:6
FNDA:2,renderChangeThemeToggle
FNDA:2,Header
FNDA:0,(anonymous_3)
FNDA:0,(anonymous_4)
FNDA:0,(anonymous_5)
FNDA:8,(anonymous_6)
FNDA:8,(anonymous_7)
FNDA:0,(anonymous_8)
FNDA:2,(anonymous_9)
FNDA:8,(anonymous_10)
DA:31,1
DA:51,2
DA:58,2
DA:60,2
DA:62,2
DA:64,2
DA:65,0
DA:68,2
DA:69,0
DA:72,2
DA:73,0
DA:74,0
DA:75,0
DA:76,0
DA:77,0
DA:80,2
DA:81,8
DA:87,8
DA:92,8
DA:93,8
DA:102,2
DA:103,0
DA:146,2
DA:147,2
DA:164,2
DA:175,8
DA:193,1
LF:27
LH:19
BRDA:53,0,0,2
BRDA:53,0,1,0
BRDA:75,1,0,0
BRDA:92,2,0,2
BRDA:92,2,1,6
BRDA:153,3,0,2
BRDA:153,3,1,0
BRDA:180,4,0,0
BRDA:180,4,1,2
BRF:9
BRH:5
end_of_record
TN:
SF:src/code/views/conversion/Conversion.jsx
FN:25,(anonymous_1)
FN:33,Conversion
FN:52,(anonymous_3)
FN:84,(anonymous_4)
FN:33,(anonymous_5)
FNF:5
FNH:0
FNDA:0,(anonymous_1)
FNDA:0,Conversion
FNDA:0,(anonymous_3)
FNDA:0,(anonymous_4)
FNDA:0,(anonymous_5)
DA:25,1
DA:26,0
DA:31,1
DA:33,2
DA:34,0
DA:36,0
DA:42,0
DA:47,1
DA:52,0
DA:53,0
DA:54,0
DA:58,0
DA:59,0
DA:61,0
DA:84,0
DA:95,1
LF:16
LH:5
BRDA:53,0,0,0
BRDA:58,1,0,0
BRDA:58,1,1,0
BRDA:58,1,2,0
BRDA:59,2,0,0
BRDA:59,2,1,0
BRDA:63,3,0,0
BRDA:63,3,1,0
BRDA:64,4,0,0
BRDA:64,4,1,0
BRDA:76,5,0,0
BRDA:76,5,1,0
BRDA:81,6,0,0
BRDA:81,6,1,0
BRF:14
BRH:0
end_of_record
TN:
SF:src/code/views/conversion/ components/clinicalData/ClinicalData.jsx
FN:22,ClinicalData
FN:64,(anonymous_2)
FN:93,(anonymous_3)
FN:105,(anonymous_4)
FN:22,(anonymous_5)
FNF:5
FNH:0
FNDA:0,ClinicalData
FNDA:0,(anonymous_2)
FNDA:0,(anonymous_3)
FNDA:0,(anonymous_4)
FNDA:0,(anonymous_5)
DA:22,1
DA:29,0
DA:30,0
DA:31,0
DA:33,0
DA:34,0
DA:36,0
DA:38,0
DA:41,0
DA:46,0
DA:51,0
DA:64,0
DA:65,0
DA:68,0
DA:82,1
DA:93,0
DA:94,0
DA:98,0
DA:102,0
DA:105,0
DA:106,0
DA:107,0
DA:110,0
DA:120,1
LF:24
LH:3
BRF:0
BRH:0
end_of_record
TN:
SF:src/code/views/conversion/ components/clinicalData/components/columnsTreeViewModal/ColumnsTreeViewModal.jsx
FN:31,(anonymous_1)
FN:39,(anonymous_2)
FN:40,(anonymous_3)
FN:48,(anonymous_4)
FN:61,(anonymous_5)
FN:65,(anonymous_6)
FN:66,(anonymous_7)
FN:83,(anonymous_8)
FN:90,(anonymous_9)
FN:103,(anonymous_10)
FN:107,(anonymous_11)
FN:108,(anonymous_12)
FN:113,(anonymous_13)
FN:128,(anonymous_14)
FN:131,(anonymous_15)
FN:138,(anonymous_16)
FN:145,(anonymous_17)
FN:149,(anonymous_18)
FN:150,(anonymous_19)
FN:152,(anonymous_20)
FN:169,(anonymous_21)
FN:181,(anonymous_22)
FN:191,(anonymous_23)
FN:207,(anonymous_24)
FN:215,(anonymous_25)
FN:223,(anonymous_26)
FN:226,(anonymous_27)
FN:247,ColumnsTreeViewModal
FN:258,(anonymous_29)
FN:262,(anonymous_30)
FN:263,(anonymous_31)
FN:280,(anonymous_32)
FN:285,(anonymous_33)
FNF:33
FNH:0
FNDA:0,(anonymous_1)
FNDA:0,(anonymous_2)
FNDA:0,(anonymous_3)
FNDA:0,(anonymous_4)
FNDA:0,(anonymous_5)
FNDA:0,(anonymous_6)
FNDA:0,(anonymous_7)
FNDA:0,(anonymous_8)
FNDA:0,(anonymous_9)
FNDA:0,(anonymous_10)
FNDA:0,(anonymous_11)
FNDA:0,(anonymous_12)
FNDA:0,(anonymous_13)
FNDA:0,(anonymous_14)
FNDA:0,(anonymous_15)
FNDA:0,(anonymous_16)
FNDA:0,(anonymous_17)
FNDA:0,(anonymous_18)
FNDA:0,(anonymous_19)
FNDA:0,(anonymous_20)
FNDA:0,(anonymous_21)
FNDA:0,(anonymous_22)
FNDA:0,(anonymous_23)
FNDA:0,(anonymous_24)
FNDA:0,(anonymous_25)
FNDA:0,(anonymous_26)
FNDA:0,(anonymous_27)
FNDA:0,ColumnsTreeViewModal
FNDA:0,(anonymous_29)
FNDA:0,(anonymous_30)
FNDA:0,(anonymous_31)
FNDA:0,(anonymous_32)
FNDA:0,(anonymous_33)
DA:31,1
DA:38,0
DA:39,0
DA:40,0
DA:41,0
DA:42,0
DA:43,0
DA:48,0
DA:49,0
DA:51,0
DA:52,0
DA:54,0
DA:55,0
DA:57,0
DA:58,0
DA:61,0
DA:62,0
DA:63,0
DA:65,0
DA:66,0
DA:67,0
DA:73,0
DA:83,0
DA:91,0
DA:101,1
DA:103,1
DA:104,0
DA:105,0
DA:107,0
DA:108,0
DA:109,0
DA:113,0
DA:126,0
DA:127,0
DA:128,0
DA:129,0
DA:131,0
DA:132,0
DA:134,0
DA:137,0
DA:139,0
DA:140,0
DA:145,0
DA:146,0
DA:149,0
DA:150,0
DA:151,0
DA:152,0
DA:153,0
DA:154,0
DA:155,0
DA:156,0
DA:159,0
DA:162,0
DA:164,0
DA:165,0
DA:167,0
DA:168,0
DA:169,0
DA:171,0
DA:172,0
DA:175,0
DA:181,0
DA:192,0
DA:206,1
DA:207,1
DA:213,1
DA:215,1
DA:221,1
DA:223,1
DA:224,0
DA:226,0
DA:227,0
DA:230,0
DA:245,1
DA:247,6
DA:255,0
DA:256,0
DA:258,0
DA:259,0
DA:262,0
DA:263,0
DA:266,0
DA:280,0
DA:285,0
DA:292,1
LF:86
LH:12
BRDA:42,0,0,0
BRDA:54,1,0,0
BRDA:62,2,0,0
BRDA:68,3,0,0
BRDA:68,3,1,0
BRDA:80,4,0,0
BRDA:80,4,1,0
BRDA:109,5,0,0
BRDA:109,5,1,0
BRDA:128,6,0,0
BRDA:128,6,1,0
BRDA:131,7,0,0
BRDA:131,7,1,0
BRDA:152,8,0,0
BRDA:152,8,1,0
BRDA:154,9,0,0
BRDA:156,10,0,0
BRDA:164,11,0,0
BRDA:178,12,0,0
BRDA:178,12,1,0
BRDA:181,13,0,0
BRDA:181,13,1,0
BRDA:233,14,0,0
BRDA:233,14,1,0
BRF:24
BRH:0
end_of_record
TN:
SF:src/code/views/conversion/ components/clinicalData/components/dataGrid/CopyOnClick.jsx
FN:16,(anonymous_1)
FN:29,(anonymous_2)
FN:44,(anonymous_3)
FN:51,(anonymous_4)
FN:54,(anonymous_5)
FN:65,(anonymous_6)
FN:72,(anonymous_7)
FN:98,(anonymous_8)
FN:107,CopyOnClick
FN:114,(anonymous_10)
FN:121,(anonymous_11)
FNF:11
FNH:0
FNDA:0,(anonymous_1)
FNDA:0,(anonymous_2)
FNDA:0,(anonymous_3)
FNDA:0,(anonymous_4)
FNDA:0,(anonymous_5)
FNDA:0,(anonymous_6)
FNDA:0,(anonymous_7)
FNDA:0,(anonymous_8)
FNDA:0,CopyOnClick
FNDA:0,(anonymous_10)
FNDA:0,(anonymous_11)
DA:16,1
DA:17,0
DA:27,1
DA:29,1
DA:30,0
DA:31,0
DA:32,0
DA:34,0
DA:35,0
DA:36,0
DA:37,0
DA:41,0
DA:44,1
DA:45,0
DA:46,0
DA:48,0
DA:52,0
DA:55,0
DA:65,1
DA:72,0
DA:73,0
DA:75,0
DA:76,0
DA:96,1
DA:98,1
DA:99,0
DA:100,0
DA:101,0
DA:102,0
DA:103,0
DA:104,0
DA:107,3
DA:108,0
DA:109,0
DA:110,0
DA:112,0
DA:114,0
DA:115,0
DA:116,0
DA:117,0
DA:119,0
DA:120,0
DA:121,0
DA:122,0
DA:126,0
DA:136,1
LF:46
LH:9
BRDA:31,0,0,0
BRDA:34,1,0,0
BRDA:36,2,0,0
BRDA:48,3,0,0
BRDA:48,3,1,0
BRDA:116,4,0,0
BRF:6
BRH:0
end_of_record
TN:
SF:src/code/views/conversion/ components/clinicalData/components/dataGrid/DataGrid.jsx
FN:36,(anonymous_1)
FN:44,DataGrid
FN:81,(anonymous_3)
FN:85,(anonymous_4)
FN:110,(anonymous_5)
FN:125,(anonymous_6)
FN:132,(anonymous_7)
FN:135,(anonymous_8)
FN:146,(anonymous_9)
FN:168,(anonymous_10)
FN:176,(anonymous_11)
FN:196,(anonymous_12)
FN:203,(anonymous_13)
FN:206,(anonymous_14)
FN:223,(anonymous_15)
FN:228,(anonymous_16)
FN:237,(anonymous_17)
FN:259,(anonymous_18)
FN:263,getSelectedColumnsRecursively
FN:266,traverseTree
FN:272,(anonymous_21)
FN:288,(anonymous_22)
FN:44,(anonymous_23)
FNF:23
FNH:0
FNDA:0,(anonymous_1)
FNDA:0,DataGrid
FNDA:0,(anonymous_3)
FNDA:0,(anonymous_4)
FNDA:0,(anonymous_5)
FNDA:0,(anonymous_6)
FNDA:0,(anonymous_7)
FNDA:0,(anonymous_8)
FNDA:0,(anonymous_9)
FNDA:0,(anonymous_10)
FNDA:0,(anonymous_11)
FNDA:0,(anonymous_12)
FNDA:0,(anonymous_13)
FNDA:0,(anonymous_14)
FNDA:0,(anonymous_15)
FNDA:0,(anonymous_16)
FNDA:0,(anonymous_17)
FNDA:0,(anonymous_18)
FNDA:0,getSelectedColumnsRecursively
FNDA:0,traverseTree
FNDA:0,(anonymous_21)
FNDA:0,(anonymous_22)
FNDA:0,(anonymous_23)
DA:36,1
DA:37,0
DA:42,1
DA:44,2
DA:55,0
DA:57,0
DA:59,0
DA:68,1
DA:70,0
DA:71,0
DA:72,0
DA:81,0
DA:82,0
DA:85,0
DA:86,0
DA:87,0
DA:91,0
DA:101,0
DA:102,0
DA:103,0
DA:110,0
DA:111,0
DA:112,0
DA:113,0
DA:115,0
DA:116,0
DA:117,0
DA:118,0
DA:122,0
DA:125,0
DA:126,0
DA:127,0
DA:129,0
DA:133,0
DA:136,0
DA:146,0
DA:147,0
DA:149,0
DA:150,0
DA:151,0
DA:154,0
DA:156,0
DA:157,0
DA:160,0
DA:161,0
DA:163,0
DA:165,0
DA:168,0
DA:169,0
DA:170,0
DA:171,0
DA:173,0
DA:176,0
DA:177,0
DA:178,0
DA:180,0
DA:181,0
DA:184,0
DA:185,0
DA:186,0
DA:193,0
DA:196,0
DA:197,0
DA:198,0
DA:200,0
DA:203,0
DA:204,0
DA:206,0
DA:207,0
DA:222,0
DA:223,0
DA:225,0
DA:228,0
DA:230,0
DA:234,0
DA:238,0
DA:242,0
DA:255,0
DA:256,0
DA:259,0
DA:260,0
DA:264,0
DA:267,0
DA:268,0
DA:269,0
DA:271,0
DA:272,0
DA:273,0
DA:274,0
DA:275,0
DA:277,0
DA:280,0
DA:284,0
DA:285,0
DA:288,0
DA:289,0
DA:290,0
DA:291,0
DA:296,0
DA:300,0
DA:301,0
DA:304,0
DA:359,1
LF:103
LH:5
BRDA:101,0,0,0
BRDA:112,1,0,0
BRDA:115,2,0,0
BRDA:117,3,0,0
BRDA:129,4,0,0
BRDA:129,4,1,0
BRDA:150,5,0,0
BRDA:170,6,0,0
BRDA:170,7,0,0
BRDA:170,7,1,0
BRDA:180,8,0,0
BRDA:197,9,0,0
BRDA:230,10,0,0
BRDA:230,10,1,0
BRDA:255,11,0,0
BRDA:268,12,0,0
BRDA:268,13,0,0
BRDA:268,13,1,0
BRDA:271,14,0,0
BRDA:271,15,0,0
BRDA:271,15,1,0
BRDA:273,16,0,0
BRDA:274,17,0,0
BRDA:289,18,0,0
BRF:24
BRH:0
end_of_record
TN:
SF:src/code/views/conversion/ components/clinicalData/components/dataGrid/hooks/useDataGrid.jsx
FN:5,useDataGrid
FN:15,(anonymous_2)
FN:21,(anonymous_3)
FN:22,(anonymous_4)
FN:26,(anonymous_5)
FNF:5
FNH:0
FNDA:0,useDataGrid
FNDA:0,(anonymous_2)
FNDA:0,(anonymous_3)
FNDA:0,(anonymous_4)
FNDA:0,(anonymous_5)
DA:11,0
DA:12,0
DA:13,0
DA:15,0
DA:16,0
DA:17,0
DA:18,0
DA:20,0
DA:21,0
DA:22,0
DA:23,0
DA:26,0
DA:27,0
DA:28,0
DA:30,0
DA:31,0
DA:35,0
DA:36,0
DA:50,0
DA:51,1
LF:20
LH:1
BRDA:17,0,0,0
BRDA:27,1,0,0
BRDA:27,2,0,0
BRDA:27,2,1,0
BRDA:30,3,0,0
BRDA:35,4,0,0
BRF:6
BRH:0
end_of_record
TN:
SF:src/code/views/conversion/ components/clinicalData/components/queryBuilder/QueryBuilder.jsx
FN:31,(anonymous_1)
FN:35,(anonymous_2)
FN:36,(anonymous_3)
FN:47,(anonymous_4)
FN:76,(anonymous_5)
FN:116,(anonymous_6)
FN:125,QueryBuilder
FN:144,(anonymous_8)
FN:151,(anonymous_9)
FN:156,(anonymous_10)
FN:161,(anonymous_11)
FN:174,(anonymous_12)
FN:176,(anonymous_13)
FN:178,(anonymous_14)
FN:181,(anonymous_15)
FN:184,(anonymous_16)
FN:199,(anonymous_17)
FN:201,(anonymous_18)
FN:202,(anonymous_19)
FN:203,(anonymous_20)
FN:208,(anonymous_21)
FN:224,(anonymous_22)
FN:225,(anonymous_23)
FN:235,(anonymous_24)
FN:268,(anonymous_25)
FN:301,(anonymous_26)
FN:302,(anonymous_27)
FNF:27
FNH:0
FNDA:0,(anonymous_1)
FNDA:0,(anonymous_2)
FNDA:0,(anonymous_3)
FNDA:0,(anonymous_4)
FNDA:0,(anonymous_5)
FNDA:0,(anonymous_6)
FNDA:0,QueryBuilder
FNDA:0,(anonymous_8)
FNDA:0,(anonymous_9)
FNDA:0,(anonymous_10)
FNDA:0,(anonymous_11)
FNDA:0,(anonymous_12)
FNDA:0,(anonymous_13)
FNDA:0,(anonymous_14)
FNDA:0,(anonymous_15)
FNDA:0,(anonymous_16)
FNDA:0,(anonymous_17)
FNDA:0,(anonymous_18)
FNDA:0,(anonymous_19)
FNDA:0,(anonymous_20)
FNDA:0,(anonymous_21)
FNDA:0,(anonymous_22)
FNDA:0,(anonymous_23)
FNDA:0,(anonymous_24)
FNDA:0,(anonymous_25)
FNDA:0,(anonymous_26)
FNDA:0,(anonymous_27)
DA:31,1
DA:32,0
DA:33,0
DA:35,0
DA:37,0
DA:38,0
DA:45,1
DA:47,1
DA:48,0
DA:49,0
DA:50,0
DA:74,1
DA:76,1
DA:77,0
DA:78,0
DA:80,0
DA:91,0
DA:117,0
DA:123,1
DA:125,4
DA:133,0
DA:135,0
DA:140,0
DA:142,0
DA:144,0
DA:145,0
DA:151,0
DA:152,0
DA:153,0
DA:156,0
DA:157,0
DA:158,0
DA:161,0
DA:162,0
DA:165,0
DA:174,0
DA:175,0
DA:176,0
DA:178,0
DA:181,0
DA:182,0
DA:185,0
DA:199,0
DA:200,0
DA:201,0
DA:202,0
DA:203,0
DA:204,0
DA:205,0
DA:206,0
DA:208,0
DA:209,0
DA:210,0
DA:211,0
DA:224,0
DA:225,0
DA:226,0
DA:227,0
DA:236,0
DA:237,0
DA:250,0
DA:268,0
DA:269,0
DA:275,0
DA:301,0
DA:303,0
DA:304,0
DA:317,1
LF:68
LH:8
BRDA:37,0,0,0
BRDA:49,1,0,0
BRDA:49,1,1,0
BRDA:78,2,0,0
BRDA:78,2,1,0
BRDA:153,3,0,0
BRDA:153,3,1,0
BRDA:163,4,0,0
BRDA:163,4,1,0
BRDA:236,5,0,0
BRDA:270,6,0,0
BRDA:270,6,1,0
BRDA:278,7,0,0
BRDA:278,7,1,0
BRDA:297,8,0,0
BRDA:297,8,1,0
BRDA:303,9,0,0
BRF:17
BRH:0
end_of_record
TN:
SF:src/code/views/conversion/ components/clinicalData/components/queryBuilder/components/DndBox.jsx
FN:31,Box
FN:33,(anonymous_2)
FN:36,(anonymous_3)
FN:42,(anonymous_4)
FN:31,(anonymous_5)
FNF:5
FNH:0
FNDA:0,Box
FNDA:0,(anonymous_2)
FNDA:0,(anonymous_3)
FNDA:0,(anonymous_4)
FNDA:0,(anonymous_5)
DA:17,1
DA:27,1
DA:31,1
DA:32,1
DA:33,0
DA:37,0
DA:38,0
DA:39,0
DA:42,0
DA:50,0
DA:51,0
DA:56,1
DA:58,1
LF:13
LH:6
BRDA:38,0,0,0
BRDA:38,1,0,0
BRDA:38,1,1,0
BRDA:50,2,0,0
BRDA:50,2,1,0
BRF:5
BRH:0
end_of_record
TN:
SF:src/code/views/conversion/ components/clinicalData/components/queryBuilder/components/DndTarget.jsx
FN:33,(anonymous_1)
FN:48,(anonymous_2)
FN:50,(anonymous_3)
FN:54,(anonymous_4)
FN:33,(anonymous_5)
FNF:5
FNH:0
FNDA:0,(anonymous_1)
FNDA:0,(anonymous_2)
FNDA:0,(anonymous_3)
FNDA:0,(anonymous_4)
FNDA:0,(anonymous_5)
DA:17,1
DA:29,1
DA:33,1
DA:34,0
DA:47,0
DA:48,1
DA:50,0
DA:54,0
DA:60,0
DA:62,0
DA:63,0
DA:64,0
DA:65,0
DA:66,0
DA:68,0
DA:69,0
DA:85,1
DA:86,1
LF:18
LH:6
BRDA:60,0,0,0
BRDA:60,0,1,0
BRDA:63,1,0,0
BRDA:63,1,1,0
BRDA:65,2,0,0
BRDA:71,3,0,0
BRDA:71,3,1,0
BRF:7
BRH:0
end_of_record
TN:
SF:src/code/views/conversion/ components/clinicalData/components/queryBuilder/hooks/useQueryBuilder.jsx
FN:17,useQueryBuilder
FN:30,(anonymous_2)
FN:34,(anonymous_3)
FNF:3
FNH:0
FNDA:0,useQueryBuilder
FNDA:0,(anonymous_2)
FNDA:0,(anonymous_3)
DA:25,0
DA:26,0
DA:28,0
DA:30,0
DA:31,0
DA:34,0
DA:35,0
DA:36,0
DA:40,0
DA:41,0
DA:45,0
DA:56,0
DA:57,1
LF:13
LH:1
BRDA:35,0,0,0
BRDA:35,1,0,0
BRDA:35,1,1,0
BRDA:40,2,0,0
BRF:4
BRH:0
end_of_record
TN:
SF:src/code/views/conversion/ components/clinicalData/components/simpleTabs/SimpleTabs.jsx
FN:1,(anonymous_0)
FN:22,(anonymous_1)
FN:29,(anonymous_2)
FN:44,SimpleTabs
FN:47,(anonymous_4)
FN:56,(anonymous_5)
FN:61,(anonymous_6)
FNF:7
FNH:1
FNDA:2,(anonymous_0)
FNDA:0,(anonymous_1)
FNDA:0,(anonymous_2)
FNDA:0,SimpleTabs
FNDA:0,(anonymous_4)
FNDA:0,(anonymous_5)
FNDA:0,(anonymous_6)
DA:1,8
DA:16,1
DA:22,1
DA:23,0
DA:29,1
DA:30,0
DA:31,0
DA:42,1
DA:44,2
DA:45,0
DA:46,0
DA:47,0
DA:49,0
DA:57,0
DA:62,0
DA:70,1
LF:16
LH:7
BRDA:1,0,0,1
BRDA:39,1,0,0
BRDA:39,1,1,0
BRF:3
BRH:1
end_of_record
TN:
SF:src/code/views/conversion/ components/clinicalData/hooks/queryDb.jsx
FN:19,useQueryDb
FN:24,(anonymous_2)
FN:32,(anonymous_3)
FN:48,(anonymous_4)
FN:19,(anonymous_5)
FNF:5
FNH:0
FNDA:0,useQueryDb
FNDA:0,(anonymous_2)
FNDA:0,(anonymous_3)
FNDA:0,(anonymous_4)
FNDA:0,(anonymous_5)
DA:19,0
DA:20,0
DA:21,0
DA:23,0
DA:24,0
DA:26,0
DA:27,0
DA:28,0
DA:30,0
DA:33,0
DA:38,0
DA:39,0
DA:40,0
DA:42,0
DA:49,0
DA:50,0
DA:53,1
LF:17
LH:1
BRDA:38,0,0,0
BRF:1
BRH:0
end_of_record
TN:
SF:src/code/views/conversion/ components/submission/Submission.jsx
FN:22,Submission
FN:56,(anonymous_2)
FN:22,(anonymous_3)
FNF:3
FNH:0
FNDA:0,Submission
FNDA:0,(anonymous_2)
FNDA:0,(anonymous_3)
DA:22,1
DA:31,0
DA:33,0
DA:34,0
DA:35,0
DA:36,0
DA:38,0
DA:39,0
DA:41,1
DA:56,0
DA:57,0
DA:58,0
DA:59,0
DA:60,0
DA:63,0
DA:64,0
DA:104,1
LF:17
LH:3
BRDA:63,0,0,0
BRDA:63,0,1,0
BRDA:71,1,0,0
BRDA:71,1,1,0
BRDA:76,2,0,0
BRDA:76,2,1,0
BRF:6
BRH:0
end_of_record
TN:
SF:src/code/views/conversion/ components/submission/components/arrows/Arrows.jsx
FNF:0
FNH:0
LF:0
LH:0
BRF:0
BRH:0
end_of_record
TN:
SF:src/code/views/conversion/ components/submission/components/fileMappingModal/FileMappingModal.jsx
FNF:0
FNH:0
LF:0
LH:0
BRF:0
BRH:0
end_of_record
TN:
SF:src/code/views/conversion/ components/submission/components/loadingBackdrop/LoadingBackdrop.jsx
FN:1,(anonymous_0)
FN:22,(anonymous_1)
FN:26,(anonymous_2)
FN:35,LoadingBackdrop
FN:55,(anonymous_4)
FN:67,(anonymous_5)
FNF:6
FNH:1
FNDA:2,(anonymous_0)
FNDA:0,(anonymous_1)
FNDA:0,(anonymous_2)
FNDA:0,LoadingBackdrop
FNDA:0,(anonymous_4)
FNDA:0,(anonymous_5)
DA:1,8
DA:22,1
DA:23,0
DA:27,0
DA:33,1
DA:35,2
DA:51,0
DA:55,0
DA:56,0
DA:57,0
DA:58,0
DA:59,0
DA:60,0
DA:61,0
DA:65,0
DA:67,0
DA:79,1
LF:17
LH:5
BRDA:1,0,0,1
BRDA:56,1,0,0
BRDA:56,1,1,0
BRDA:58,2,0,0
BRDA:58,2,1,0
BRDA:60,3,0,0
BRDA:73,4,0,0
BRDA:73,4,1,0
BRF:8
BRH:1
end_of_record
TN:
SF:src/code/views/conversion/ components/submission/components/outputFormatsSelection/OutputFormatsSelection.jsx
FNF:0
FNH:0
LF:0
LH:0
BRF:0
BRH:0
end_of_record
TN:
SF:src/code/views/conversion/ components/submission/components/submissionForms/SubmissionForms.jsx
FN:21,SubmissionForms
FN:35,(anonymous_2)
FN:46,(anonymous_3)
FN:52,(anonymous_4)
FN:54,(anonymous_5)
FN:63,(anonymous_6)
FNF:6
FNH:0
FNDA:0,SubmissionForms
FNDA:0,(anonymous_2)
FNDA:0,(anonymous_3)
FNDA:0,(anonymous_4)
FNDA:0,(anonymous_5)
FNDA:0,(anonymous_6)
DA:21,1
DA:22,0
DA:23,0
DA:30,0
DA:32,0
DA:33,0
DA:35,0
DA:36,0
DA:37,0
DA:39,0
DA:40,0
DA:42,0
DA:43,0
DA:45,0
DA:46,0
DA:47,0
DA:49,0
DA:52,0
DA:54,0
DA:55,0
DA:58,0
DA:60,0
DA:63,0
DA:64,0
DA:65,0
DA:66,0
DA:68,0
DA:69,0
DA:73,0
DA:113,1
LF:30
LH:2
BRDA:37,0,0,0
BRDA:37,0,1,0
BRDA:55,1,0,0
BRDA:60,2,0,0
BRDA:60,3,0,0
BRDA:60,3,1,0
BRDA:64,4,0,0
BRDA:68,5,0,0
BRF:8
BRH:0
end_of_record
TN:
SF:src/code/views/conversion/ components/submission/components/submissionForms/components/arrows/Arrows.jsx
FN:1,(anonymous_0)
FN:33,(anonymous_1)
FN:43,(anonymous_2)
FNF:3
FNH:1
FNDA:3,(anonymous_0)
FNDA:0,(anonymous_1)
FNDA:0,(anonymous_2)
DA:1,9
DA:19,1
DA:31,1
DA:33,1
DA:34,0
DA:41,1
DA:43,1
DA:48,0
DA:49,0
DA:65,1
DA:67,3
LF:11
LH:8
BRDA:1,0,0,1
BRDA:51,1,0,0
BRDA:51,1,1,0
BRF:3
BRH:1
end_of_record
TN:
SF:src/code/views/conversion/ components/submission/components/submissionForms/components/fileMappingModal/FileMappingModal.jsx
FN:1,(anonymous_0)
FN:25,(anonymous_1)
FN:54,(anonymous_2)
FN:59,(anonymous_3)
FN:63,(anonymous_4)
FN:64,(anonymous_5)
FN:108,(anonymous_6)
FN:120,(anonymous_7)
FN:122,(anonymous_8)
FNF:9
FNH:1
FNDA:1,(anonymous_0)
FNDA:0,(anonymous_1)
FNDA:0,(anonymous_2)
FNDA:0,(anonymous_3)
FNDA:0,(anonymous_4)
FNDA:0,(anonymous_5)
FNDA:0,(anonymous_6)
FNDA:0,(anonymous_7)
FNDA:0,(anonymous_8)
DA:1,7
DA:25,1
DA:52,0
DA:54,0
DA:55,0
DA:56,0
DA:59,0
DA:60,0
DA:63,0
DA:64,0
DA:65,0
DA:74,0
DA:81,0
DA:109,0
DA:120,0
DA:123,0
DA:142,1
DA:144,1
LF:18
LH:4
BRDA:1,0,0,1
BRF:1
BRH:1
end_of_record
TN:
SF:src/code/views/conversion/ components/submission/components/submissionForms/components/fileUpload/FileUpload.jsx
FN:22,fileUpload
FN:33,(anonymous_1)
FN:75,(anonymous_2)
FN:85,(anonymous_3)
FNF:4
FNH:0
FNDA:0,fileUpload
FNDA:0,(anonymous_1)
FNDA:0,(anonymous_2)
FNDA:0,(anonymous_3)
DA:31,0
DA:33,0
DA:34,0
DA:42,0
DA:46,0
DA:49,0
DA:76,0
DA:86,0
LF:8
LH:0
BRF:0
BRH:0
end_of_record
TN:
SF:src/code/views/conversion/ components/submission/components/submissionForms/components/fileUpload/components/inputFilesPond/InputFilesPond.jsx
FN:33,CustomAlert
FN:38,(anonymous_2)
FN:42,(anonymous_3)
FN:57,(anonymous_4)
FN:70,InputFilesPond
FN:80,(anonymous_6)
FN:109,(anonymous_7)
FN:117,(anonymous_8)
FN:121,(anonymous_9)
FN:180,(anonymous_10)
FN:185,(anonymous_11)
FNF:11
FNH:0
FNDA:0,CustomAlert
FNDA:0,(anonymous_2)
FNDA:0,(anonymous_3)
FNDA:0,(anonymous_4)
FNDA:0,InputFilesPond
FNDA:0,(anonymous_6)
FNDA:0,(anonymous_7)
FNDA:0,(anonymous_8)
FNDA:0,(anonymous_9)
FNDA:0,(anonymous_10)
FNDA:0,(anonymous_11)
DA:33,1
DA:34,0
DA:36,0
DA:38,0
DA:39,0
DA:42,0
DA:43,0
DA:46,0
DA:58,0
DA:68,1
DA:70,2
DA:76,0
DA:78,0
DA:80,0
DA:94,0
DA:96,0
DA:97,0
DA:99,0
DA:100,0
DA:101,0
DA:102,0
DA:106,0
DA:109,0
DA:110,0
DA:117,0
DA:118,0
DA:121,0
DA:123,0
DA:147,0
DA:148,0
DA:150,0
DA:152,0
DA:153,0
DA:157,0
DA:160,0
DA:167,0
DA:181,0
DA:186,0
DA:199,1
LF:39
LH:4
BRDA:100,0,0,0
BRDA:100,0,1,0
BRDA:100,1,0,0
BRDA:100,1,1,0
BRDA:102,2,0,0
BRDA:103,3,0,0
BRDA:103,3,1,0
BRF:7
BRH:0
end_of_record
TN:
SF:src/code/views/conversion/ components/submission/components/submissionForms/components/fileUpload/components/inputFormatSelection/InputFormatSelection.jsx
FN:1,(anonymous_0)
FN:22,(anonymous_1)
FN:30,InputFormatSelection
FN:44,(anonymous_3)
FN:56,(anonymous_4)
FNF:5
FNH:1
FNDA:1,(anonymous_0)
FNDA:0,(anonymous_1)
FNDA:0,InputFormatSelection
FNDA:0,(anonymous_3)
FNDA:0,(anonymous_4)
DA:1,7
DA:22,1
DA:23,0
DA:24,0
DA:25,0
DA:27,0
DA:30,1
DA:31,0
DA:35,0
DA:44,0
DA:45,0
DA:48,0
DA:57,0
DA:73,1
LF:14
LH:4
BRDA:1,0,0,1
BRDA:24,1,0,0
BRF:2
BRH:1
end_of_record
TN:
SF:src/code/views/conversion/ components/submission/components/submissionForms/components/loadingBackdrop/LoadingBackdrop.jsx
FNF:0
FNH:0
LF:0
LH:0
BRF:0
BRH:0
end_of_record
TN:
SF:src/code/views/conversion/ components/submission/components/submissionForms/components/outputFormatsSelection/OutputFormatsSelection.jsx
FN:24,OutputFormatsSelection
FN:33,(anonymous_2)
FN:35,(anonymous_3)
FN:44,(anonymous_4)
FN:51,(anonymous_5)
FN:71,(anonymous_6)
FNF:6
FNH:0
FNDA:0,OutputFormatsSelection
FNDA:0,(anonymous_2)
FNDA:0,(anonymous_3)
FNDA:0,(anonymous_4)
FNDA:0,(anonymous_5)
FNDA:0,(anonymous_6)
DA:24,1
DA:25,0
DA:27,0
DA:33,0
DA:34,0
DA:35,0
DA:36,0
DA:44,0
DA:45,0
DA:51,0
DA:52,0
DA:59,0
DA:60,0
DA:63,0
DA:72,0
DA:77,0
DA:78,0
DA:83,0
DA:99,1
LF:19
LH:2
BRDA:34,0,0,0
BRDA:59,1,0,0
BRDA:75,2,0,0
BRDA:75,2,1,0
BRDA:77,3,0,0
BRDA:77,4,0,0
BRDA:77,4,1,0
BRF:7
BRH:0
end_of_record
TN:
SF:src/code/views/conversion/ components/submission/components/submissionSummary/SubmissionSummary.jsx
FN:20,SubmissionSummary
FN:20,(anonymous_2)
FNF:2
FNH:0
FNDA:0,SubmissionSummary
FNDA:0,(anonymous_2)
DA:20,1
DA:29,0
DA:31,0
DA:32,0
DA:33,0
DA:35,1
DA:36,0
DA:37,0
DA:80,1
LF:9
LH:3
BRDA:31,0,0,0
BRDA:31,0,1,0
BRDA:32,1,0,0
BRDA:32,1,1,0
BRDA:33,2,0,0
BRDA:33,2,1,0
BRDA:36,3,0,0
BRDA:36,3,1,0
BRDA:39,4,0,0
BRDA:39,4,1,0
BRDA:40,5,0,0
BRDA:40,5,1,0
BRDA:41,6,0,0
BRDA:41,6,1,0
BRF:14
BRH:0
end_of_record
TN:
SF:src/code/views/conversion/ components/submission/components/submissionSummary/components/downloadButtons/DownloadButtons.jsx
FN:1,(anonymous_0)
FN:24,FileDownloadButton
FN:32,(anonymous_2)
FN:40,(anonymous_3)
FN:48,(anonymous_4)
FN:61,(anonymous_5)
FN:62,(anonymous_6)
FN:82,(anonymous_7)
FNF:8
FNH:1
FNDA:3,(anonymous_0)
FNDA:0,FileDownloadButton
FNDA:0,(anonymous_2)
FNDA:0,(anonymous_3)
FNDA:0,(anonymous_4)
FNDA:0,(anonymous_5)
FNDA:0,(anonymous_6)
FNDA:0,(anonymous_7)
DA:1,9
DA:26,0
DA:31,0
DA:32,0
DA:33,0
DA:35,0
DA:40,0
DA:46,1
DA:48,1
DA:49,0
DA:51,0
DA:52,0
DA:53,0
DA:54,0
DA:58,0
DA:59,1
DA:61,1
DA:62,0
DA:65,0
DA:66,0
DA:72,0
DA:74,0
DA:78,0
DA:82,0
DA:88,1
DA:90,3
LF:26
LH:7
BRDA:1,0,0,1
BRF:1
BRH:1
end_of_record
TN:
SF:src/code/views/conversion/ components/submission/components/submissionSummary/components/inputSummary/InputSummary.jsx
FN:1,(anonymous_0)
FN:20,InputSummary
FNF:2
FNH:1
FNDA:1,(anonymous_0)
FNDA:0,InputSummary
DA:1,7
DA:20,1
DA:21,0
DA:23,0
DA:31,0
DA:47,1
LF:6
LH:3
BRDA:1,0,0,1
BRF:1
BRH:1
end_of_record
TN:
SF:src/code/views/conversion/ components/submission/components/submissionSummary/components/outputSummary/OutputSummary.jsx
FN:1,(anonymous_0)
FN:21,OutputSummary
FN:23,(anonymous_2)
FNF:3
FNH:1
FNDA:1,(anonymous_0)
FNDA:0,OutputSummary
FNDA:0,(anonymous_2)
DA:1,7
DA:21,1
DA:22,0
DA:23,0
DA:24,0
DA:42,1
LF:6
LH:3
BRDA:1,0,0,1
BRDA:37,1,0,0
BRDA:37,1,1,0
BRF:3
BRH:1
end_of_record
TN:
SF:src/code/views/conversion/ components/submission/components/submissionSummary/components/triggerNewSubmissionButton/TriggerNewSubmissionButton.jsx
FN:1,(anonymous_0)
FN:16,TriggerNewSubmissionButton
FNF:2
FNH:1
FNDA:1,(anonymous_0)
FNDA:0,TriggerNewSubmissionButton
DA:1,7
DA:16,1
DA:17,0
DA:36,1
LF:4
LH:3
BRDA:1,0,0,1
BRF:1
BRH:1
end_of_record
TN:
SF:src/code/views/conversion/ components/submission/hooks/fileConversions.jsx
FN:22,useFileConversions
FN:27,(anonymous_2)
FN:41,(anonymous_3)
FN:47,(anonymous_4)
FN:22,(anonymous_5)
FNF:5
FNH:0
FNDA:0,useFileConversions
FNDA:0,(anonymous_2)
FNDA:0,(anonymous_3)
FNDA:0,(anonymous_4)
FNDA:0,(anonymous_5)
DA:22,0
DA:23,0
DA:24,0
DA:25,0
DA:28,0
DA:33,0
DA:42,0
DA:49,0
DA:50,0
DA:51,0
DA:52,0
DA:56,1
LF:12
LH:1
BRF:0
BRH:0
end_of_record
TN:
SF:src/code/views/conversion/hooks/finishedJobs.jsx
FN:19,useFinishedJobs
FN:25,(anonymous_2)
FN:50,(anonymous_3)
FN:19,(anonymous_4)
FNF:4
FNH:0
FNDA:0,useFinishedJobs
FNDA:0,(anonymous_2)
FNDA:0,(anonymous_3)
FNDA:0,(anonymous_4)
DA:19,0
DA:20,0
DA:21,0
DA:23,0
DA:26,0
DA:31,0
DA:32,0
DA:33,0
DA:35,0
DA:53,1
LF:10
LH:1
BRDA:31,0,0,0
BRDA:44,1,0,0
BRDA:44,1,1,0
BRF:3
BRH:0
end_of_record
TN:
SF:src/code/views/home/Home.stories.tsx
FNF:0
FNH:0
LF:0
LH:0
BRF:0
BRH:0
end_of_record
TN:
SF:src/code/views/home/Home.tsx
FN:18,Home
FN:18,(anonymous_2)
FNF:2
FNH:2
FNDA:2,Home
FNDA:1,(anonymous_2)
DA:18,2
DA:19,2
DA:21,2
DA:136,1
LF:4
LH:4
BRDA:38,0,0,2
BRDA:38,0,1,0
BRF:2
BRH:1
end_of_record
