TN:
SF:src/main.tsx
FNF:0
FNH:0
LF:0
LH:0
BRF:0
BRH:0
end_of_record
TN:
SF:src/_codux/boards/home/home.board.tsx
FNF:0
FNH:0
LF:0
LH:0
BRF:0
BRH:0
end_of_record
TN:
SF:src/code/App.jsx
FNF:0
FNH:0
LF:0
LH:0
BRF:0
BRH:0
end_of_record
TN:
SF:src/code/Auth.js
FNF:0
FNH:0
LF:0
LH:0
BRF:0
BRH:0
end_of_record
TN:
SF:src/code/Login.jsx
FNF:0
FNH:0
LF:0
LH:0
BRF:0
BRH:0
end_of_record
TN:
SF:src/code/Main.jsx
FNF:0
FNH:0
LF:0
LH:0
BRF:0
BRH:0
end_of_record
TN:
SF:src/code/apis.js
FNF:0
FNH:0
LF:0
LH:0
BRF:0
BRH:0
end_of_record
TN:
SF:src/code/header/Header.jsx
FNF:0
FNH:0
LF:0
LH:0
BRF:0
BRH:0
end_of_record
TN:
SF:src/code/views/conversion/Conversion.jsx
FNF:0
FNH:0
LF:0
LH:0
BRF:0
BRH:0
end_of_record
TN:
SF:src/code/views/conversion/ components/clinicalData/ClinicalData.jsx
FNF:0
FNH:0
LF:0
LH:0
BRF:0
BRH:0
end_of_record
TN:
SF:src/code/views/conversion/ components/clinicalData/components/columnsTreeViewModal/ColumnsTreeViewModal.jsx
FNF:0
FNH:0
LF:0
LH:0
BRF:0
BRH:0
end_of_record
TN:
SF:src/code/views/conversion/ components/clinicalData/components/dataGrid/CopyOnClick.jsx
FNF:0
FNH:0
LF:0
LH:0
BRF:0
BRH:0
end_of_record
TN:
SF:src/code/views/conversion/ components/clinicalData/components/dataGrid/DataGrid.jsx
FNF:0
FNH:0
LF:0
LH:0
BRF:0
BRH:0
end_of_record
TN:
SF:src/code/views/conversion/ components/clinicalData/components/dataGrid/hooks/useDataGrid.jsx
FNF:0
FNH:0
LF:0
LH:0
BRF:0
BRH:0
end_of_record
TN:
SF:src/code/views/conversion/ components/clinicalData/components/queryBuilder/QueryBuilder.jsx
FNF:0
FNH:0
LF:0
LH:0
BRF:0
BRH:0
end_of_record
TN:
SF:src/code/views/conversion/ components/clinicalData/components/queryBuilder/components/DndBox.jsx
FNF:0
FNH:0
LF:0
LH:0
BRF:0
BRH:0
end_of_record
TN:
SF:src/code/views/conversion/ components/clinicalData/components/queryBuilder/components/DndTarget.jsx
FNF:0
FNH:0
LF:0
LH:0
BRF:0
BRH:0
end_of_record
TN:
SF:src/code/views/conversion/ components/clinicalData/components/queryBuilder/hooks/useQueryBuilder.jsx
FNF:0
FNH:0
LF:0
LH:0
BRF:0
BRH:0
end_of_record
TN:
SF:src/code/views/conversion/ components/clinicalData/components/simpleTabs/SimpleTabs.jsx
FNF:0
FNH:0
LF:0
LH:0
BRF:0
BRH:0
end_of_record
TN:
SF:src/code/views/conversion/ components/clinicalData/hooks/queryDb.jsx
FNF:0
FNH:0
LF:0
LH:0
BRF:0
BRH:0
end_of_record
TN:
SF:src/code/views/conversion/ components/submission/Submission.jsx
FNF:0
FNH:0
LF:0
LH:0
BRF:0
BRH:0
end_of_record
TN:
SF:src/code/views/conversion/ components/submission/components/arrows/Arrows.jsx
FNF:0
FNH:0
LF:0
LH:0
BRF:0
BRH:0
end_of_record
TN:
SF:src/code/views/conversion/ components/submission/components/fileMappingModal/FileMappingModal.jsx
FNF:0
FNH:0
LF:0
LH:0
BRF:0
BRH:0
end_of_record
TN:
SF:src/code/views/conversion/ components/submission/components/loadingBackdrop/LoadingBackdrop.jsx
FNF:0
FNH:0
LF:0
LH:0
BRF:0
BRH:0
end_of_record
TN:
SF:src/code/views/conversion/ components/submission/components/outputFormatsSelection/OutputFormatsSelection.jsx
FNF:0
FNH:0
LF:0
LH:0
BRF:0
BRH:0
end_of_record
TN:
SF:src/code/views/conversion/ components/submission/components/submissionForms/SubmissionForms.jsx
FNF:0
FNH:0
LF:0
LH:0
BRF:0
BRH:0
end_of_record
TN:
SF:src/code/views/conversion/ components/submission/components/submissionForms/components/arrows/Arrows.jsx
FNF:0
FNH:0
LF:0
LH:0
BRF:0
BRH:0
end_of_record
TN:
SF:src/code/views/conversion/ components/submission/components/submissionForms/components/fileMappingModal/FileMappingModal.jsx
FNF:0
FNH:0
LF:0
LH:0
BRF:0
BRH:0
end_of_record
TN:
SF:src/code/views/conversion/ components/submission/components/submissionForms/components/fileUpload/FileUpload.jsx
FNF:0
FNH:0
LF:0
LH:0
BRF:0
BRH:0
end_of_record
TN:
SF:src/code/views/conversion/ components/submission/components/submissionForms/components/fileUpload/components/inputFilesPond/InputFilesPond.jsx
FNF:0
FNH:0
LF:0
LH:0
BRF:0
BRH:0
end_of_record
TN:
SF:src/code/views/conversion/ components/submission/components/submissionForms/components/fileUpload/components/inputFormatSelection/InputFormatSelection.jsx
FNF:0
FNH:0
LF:0
LH:0
BRF:0
BRH:0
end_of_record
TN:
SF:src/code/views/conversion/ components/submission/components/submissionForms/components/loadingBackdrop/LoadingBackdrop.jsx
FNF:0
FNH:0
LF:0
LH:0
BRF:0
BRH:0
end_of_record
TN:
SF:src/code/views/conversion/ components/submission/components/submissionForms/components/outputFormatsSelection/OutputFormatsSelection.jsx
FNF:0
FNH:0
LF:0
LH:0
BRF:0
BRH:0
end_of_record
TN:
SF:src/code/views/conversion/ components/submission/components/submissionSummary/SubmissionSummary.jsx
FNF:0
FNH:0
LF:0
LH:0
BRF:0
BRH:0
end_of_record
TN:
SF:src/code/views/conversion/ components/submission/components/submissionSummary/components/downloadButtons/DownloadButtons.jsx
FNF:0
FNH:0
LF:0
LH:0
BRF:0
BRH:0
end_of_record
TN:
SF:src/code/views/conversion/ components/submission/components/submissionSummary/components/inputSummary/InputSummary.jsx
FNF:0
FNH:0
LF:0
LH:0
BRF:0
BRH:0
end_of_record
TN:
SF:src/code/views/conversion/ components/submission/components/submissionSummary/components/outputSummary/OutputSummary.jsx
FNF:0
FNH:0
LF:0
LH:0
BRF:0
BRH:0
end_of_record
TN:
SF:src/code/views/conversion/ components/submission/components/submissionSummary/components/triggerNewSubmissionButton/TriggerNewSubmissionButton.jsx
FNF:0
FNH:0
LF:0
LH:0
BRF:0
BRH:0
end_of_record
TN:
SF:src/code/views/conversion/ components/submission/hooks/fileConversions.jsx
FNF:0
FNH:0
LF:0
LH:0
BRF:0
BRH:0
end_of_record
TN:
SF:src/code/views/conversion/hooks/finishedJobs.jsx
FNF:0
FNH:0
LF:0
LH:0
BRF:0
BRH:0
end_of_record
TN:
SF:src/code/views/home/Home.stories.tsx
FNF:0
FNH:0
LF:0
LH:0
BRF:0
BRH:0
end_of_record
TN:
SF:src/code/views/home/Home.tsx
FN:18,Home
FN:18,(anonymous_2)
FNF:2
FNH:2
FNDA:2,Home
FNDA:2,(anonymous_2)
DA:18,2
DA:19,2
DA:21,2
DA:136,2
LF:4
LH:4
BRDA:38,0,0,0
BRDA:38,0,1,2
BRF:2
BRH:1
end_of_record
